C51 COMPILER V9.01   MAIN                                                                  03/29/2018 21:17:09 PAGE 1   


C51 COMPILER V9.01, COMPILATION OF MODULE MAIN
OBJECT MODULE PLACED IN main.OBJ
COMPILER INVOKED BY: F:\Keil4&&MDK4.70A\C51\BIN\C51.EXE main.c BROWSE DEBUG OBJECTEXTEND TABS(2)

line level    source

   1          #define MAIN_C_
   2          #include "include.h"
   3          
   4          /**
   5          * 介绍:  主函数
   6          * 说明:  None
   7          * 说明:  None
   8          * 说明:  None
   9          * 说明:  None
  10          * 支持:  QQ946029359 --群 607064330
  11          * 淘宝:  https://shop411638453.taobao.com/
  12          * 作者:  小五
  13          **/
  14          
  15          void main()
  16          {
  17   1        InitUART(9600);
  18   1        InitTimer0();
  19   1        DelayMs(1000);
  20   1        while(1)
  21   1        {
  22   2          
  23   2        }
  24   1      }


MODULE INFORMATION:   STATIC OVERLAYABLE
   CODE SIZE        =     23    ----
   CONSTANT SIZE    =   ----    ----
   XDATA SIZE       =   ----    ----
   PDATA SIZE       =   ----    ----
   DATA SIZE        =   ----    ----
   IDATA SIZE       =   ----    ----
   BIT SIZE         =   ----    ----
END OF MODULE INFORMATION.


C51 COMPILATION COMPLETE.  0 WARNING(S),  0 ERROR(S)
